<?xml version="1.0" encoding="UTF-8"?>
<testsuite xmlns:xsi="http://www.w3.org/2001/XMLSchema-instance" xsi:noNamespaceSchemaLocation="https://maven.apache.org/surefire/maven-surefire-plugin/xsd/surefire-test-report.xsd" version="3.0.2" name="com.gpads.moringa.statisticsTest.AnaliseServiceTest" time="0.047" tests="4" errors="0" skipped="0" failures="0">
  <properties>
[...]
</properties>
  <testcase name="testAnaliseComPluviometro" classname="com.gpads.moringa.statisticsTest.AnaliseServiceTest" time="0.036">
    <system-out><![CDATA[===== Dados recebidos =====
com.gpads.moringa.entities.Pluviometro@6b4fd7d
com.gpads.moringa.entities.Pluviometro@7404aff2
===== Resultado completo de Pluviometro =====
Intervalo de tempo: 2025-06-01 12:00
Campo: pluviometria -> AnaliseEstatistica{media=15.0, moda=[10.0, 20.0], mediana=[10.0, 20.0], q1=10.0, q3=20.0}
--------------------------------------------
]]></system-out>
  </testcase>
  <testcase name="testAnaliseComDadosEstacao" classname="com.gpads.moringa.statisticsTest.AnaliseServiceTest" time="0.003">
    <system-out><![CDATA[===== Dados recebidos =====
com.gpads.moringa.entities.DadosEstacao@6e9f8160
com.gpads.moringa.entities.DadosEstacao@3e998033
===== Resultado completo de DadosEstacao =====
Intervalo de tempo: 2025-12-10 17:00
Campo: umidade -> AnaliseEstatistica{media=81.0, moda=[80.0, 82.0], mediana=[80.0, 82.0], q1=80.0, q3=82.0}
Campo: pressao -> AnaliseEstatistica{media=1012.5, moda=[1012.0, 1013.0], mediana=[1012.0, 1013.0], q1=1012.0, q3=1013.0}
Campo: temperatura -> AnaliseEstatistica{media=27.0, moda=[26.0, 28.0], mediana=[26.0, 28.0], q1=26.0, q3=28.0}
Campo: luminosidade -> AnaliseEstatistica{media=310.0, moda=[300.0, 320.0], mediana=[300.0, 320.0], q1=300.0, q3=320.0}
--------------------------------------------
]]></system-out>
  </testcase>
  <testcase name="testAnaliseComSensorPh" classname="com.gpads.moringa.statisticsTest.AnaliseServiceTest" time="0.003">
    <system-out><![CDATA[===== Dados recebidos =====
com.gpads.moringa.entities.SensorDePh@407b41e6
com.gpads.moringa.entities.SensorDePh@3291d9c2
===== Resultado completo de SensorDePh=====
Intervalo de tempo: 2025-06-01 12:00
Campo: ph -> AnaliseEstatistica{media=6.3, moda=[6.2, 6.4], mediana=[6.2, 6.4], q1=6.2, q3=6.4}
--------------------------------------------
]]></system-out>
  </testcase>
  <testcase name="testAnaliseComSensorSolo" classname="com.gpads.moringa.statisticsTest.AnaliseServiceTest" time="0.003">
    <system-out><![CDATA[===== Dados recebidos =====
com.gpads.moringa.entities.SensorDeSolo@4ea48b2e
===== Resultado completo de Sensor de Solo =====
Intervalo de tempo: 2025-06-01 12:00
Campo: umidadeSolo -> AnaliseEstatistica{media=80.0, moda=[80.0], mediana=[80.0], q1=80.0, q3=80.0}
Campo: phSolo -> AnaliseEstatistica{media=6.0, moda=[6.0], mediana=[6.0], q1=6.0, q3=6.0}
Campo: temperaturaSolo -> AnaliseEstatistica{media=25.0, moda=[25.0], mediana=[25.0], q1=25.0, q3=25.0}
--------------------------------------------
]]></system-out>
  </testcase>
</testsuite>