<?xml version="1.0" encoding="UTF-8"?>
<testsuite xmlns:xsi="http://www.w3.org/2001/XMLSchema-instance" xsi:noNamespaceSchemaLocation="https://maven.apache.org/surefire/maven-surefire-plugin/xsd/surefire-test-report.xsd" version="3.0.2" name="com.gpads.moringa.MoringaApplicationTests" time="4.609" tests="1" errors="0" skipped="0" failures="0">
  <properties>
[...]
</properties>
  <testcase name="contextLoads" classname="com.gpads.moringa.MoringaApplicationTests" time="0.889">
    <system-out><![CDATA[17:27:20.723 [main] INFO org.springframework.test.context.support.AnnotationConfigContextLoaderUtils -- Could not detect default configuration classes for test class [com.gpads.moringa.MoringaApplicationTests]: MoringaApplicationTests does not declare any static, non-private, non-final, nested classes annotated with @Configuration.
17:27:20.849 [main] INFO org.springframework.boot.test.context.SpringBootTestContextBootstrapper -- Found @SpringBootConfiguration com.gpads.moringa.MoringaApplication for test class com.gpads.moringa.MoringaApplicationTests
17:27:21.145 [main] INFO org.springframework.boot.devtools.restart.RestartApplicationListener -- Restart disabled due to context in which it is running

  .   ____          _            __ _ _
 /\\ / ___'_ __ _ _(_)_ __  __ _ \ \ \ \
( ( )\___ | '_ | '_| | '_ \/ _` | \ \ \ \
 \\/  ___)| |_)| | | | | || (_| |  ) ) ) )
  '  |____| .__|_| |_|_| |_\__, | / / / /
 =========|_|==============|___/=/_/_/_/

 :: Spring Boot ::                (v3.5.0)

2025-12-10T17:27:21.582-03:00  INFO 18640 --- [moringa] [           main] c.gpads.moringa.MoringaApplicationTests  : Starting MoringaApplicationTests using Java 17.0.12 with PID 18640 (started by GPADS in C:\Users\GPADS\Documents\Nathalia\morhinga\Spring-Moringa-main\Spring-Moringa-main)
2025-12-10T17:27:21.584-03:00  INFO 18640 --- [moringa] [           main] c.gpads.moringa.MoringaApplicationTests  : No active profile set, falling back to 1 default profile: "default"
2025-12-10T17:27:22.380-03:00  INFO 18640 --- [moringa] [           main] .s.d.r.c.RepositoryConfigurationDelegate : Bootstrapping Spring Data MongoDB repositories in DEFAULT mode.
2025-12-10T17:27:22.473-03:00  INFO 18640 --- [moringa] [           main] .s.d.r.c.RepositoryConfigurationDelegate : Finished Spring Data repository scanning in 84 ms. Found 5 MongoDB repository interfaces.
2025-12-10T17:27:23.145-03:00  INFO 18640 --- [moringa] [           main] org.mongodb.driver.client                : MongoClient with metadata {"application": {"name": "Cluster0"}, "driver": {"name": "mongo-java-driver|sync|spring-boot", "version": "5.4.0"}, "os": {"type": "Windows", "name": "Windows 11", "architecture": "amd64", "version": "10.0"}, "platform": "Java/Oracle Corporation/17.0.12+8-LTS-286"} created with settings MongoClientSettings{readPreference=primary, writeConcern=WriteConcern{w=majority, wTimeout=null ms, journal=null}, retryWrites=true, retryReads=true, readConcern=ReadConcern{level=null}, credential=MongoCredential{mechanism=null, userName='phpvn', source='admin', password=<hidden>, mechanismProperties=<hidden>}, transportSettings=null, commandListeners=[], codecRegistry=ProvidersCodecRegistry{codecProviders=[ValueCodecProvider{}, BsonValueCodecProvider{}, DBRefCodecProvider{}, DBObjectCodecProvider{}, DocumentCodecProvider{}, CollectionCodecProvider{}, IterableCodecProvider{}, MapCodecProvider{}, GeoJsonCodecProvider{}, GridFSFileCodecProvider{}, Jsr310CodecProvider{}, JsonObjectCodecProvider{}, BsonCodecProvider{}, EnumCodecProvider{}, com.mongodb.client.model.mql.ExpressionCodecProvider@3e39baf0, com.mongodb.Jep395RecordCodecProvider@83bb0f, com.mongodb.KotlinCodecProvider@25a94b55]}, loggerSettings=LoggerSettings{maxDocumentLength=1000}, clusterSettings={hosts=[127.0.0.1:27017], srvHost=cluster0.u9irlhy.mongodb.net, srvServiceName=mongodb, mode=MULTIPLE, requiredClusterType=REPLICA_SET, requiredReplicaSetName='atlas-80v4oo-shard-0', serverSelector='null', clusterListeners='[]', serverSelectionTimeout='30000 ms', localThreshold='15 ms'}, socketSettings=SocketSettings{connectTimeoutMS=10000, readTimeoutMS=0, receiveBufferSize=0, proxySettings=ProxySettings{host=null, port=null, username=null, password=null}}, heartbeatSocketSettings=SocketSettings{connectTimeoutMS=10000, readTimeoutMS=10000, receiveBufferSize=0, proxySettings=ProxySettings{host=null, port=null, username=null, password=null}}, connectionPoolSettings=ConnectionPoolSettings{maxSize=100, minSize=0, maxWaitTimeMS=120000, maxConnectionLifeTimeMS=0, maxConnectionIdleTimeMS=0, maintenanceInitialDelayMS=0, maintenanceFrequencyMS=60000, connectionPoolListeners=[], maxConnecting=2}, serverSettings=ServerSettings{heartbeatFrequencyMS=10000, minHeartbeatFrequencyMS=500, serverMonitoringMode=AUTO, serverListeners='[]', serverMonitorListeners='[]'}, sslSettings=SslSettings{enabled=true, invalidHostNameAllowed=false, context=null}, applicationName='Cluster0', compressorList=[], uuidRepresentation=JAVA_LEGACY, serverApi=null, autoEncryptionSettings=null, dnsClient=null, inetAddressResolver=null, contextProvider=null, timeoutMS=null}
2025-12-10T17:27:23.258-03:00  WARN 18640 --- [moringa] [           main] o.s.data.convert.CustomConversions       : Registering converter from interface java.util.List to interface org.springframework.data.domain.Vector as reading converter although it doesn't convert from a store-supported type; You might want to check your annotation setup at the converter implementation
2025-12-10T17:27:23.385-03:00  WARN 18640 --- [moringa] [           main] o.s.data.convert.CustomConversions       : Registering converter from interface java.util.List to interface org.springframework.data.domain.Vector as reading converter although it doesn't convert from a store-supported type; You might want to check your annotation setup at the converter implementation
2025-12-10T17:27:23.618-03:00  INFO 18640 --- [moringa] [lhy.mongodb.net] org.mongodb.driver.cluster               : Adding discovered server ac-spk8gf0-shard-00-02.u9irlhy.mongodb.net:27017 to client view of cluster
2025-12-10T17:27:23.668-03:00  INFO 18640 --- [moringa] [lhy.mongodb.net] org.mongodb.driver.cluster               : Adding discovered server ac-spk8gf0-shard-00-00.u9irlhy.mongodb.net:27017 to client view of cluster
2025-12-10T17:27:23.672-03:00  INFO 18640 --- [moringa] [lhy.mongodb.net] org.mongodb.driver.cluster               : Adding discovered server ac-spk8gf0-shard-00-01.u9irlhy.mongodb.net:27017 to client view of cluster
2025-12-10T17:27:24.242-03:00  INFO 18640 --- [moringa] [           main] c.gpads.moringa.MoringaApplicationTests  : Started MoringaApplicationTests in 3.112 seconds (process running for 4.273)
]]></system-out>
  </testcase>
</testsuite>